<?xml version="1.0" encoding="UTF-8"?>
<!-- Generated by org.testng.reporters.JUnitReportReporter -->
<testsuite hostname="DESKTOP-0JQIKL3" failures="0" tests="1" name="testCases.LoginApplication" time="13.727" errors="0" timestamp="2020-05-05T16:41:09 IST" skipped="0">
  <testcase classname="testCases.LoginApplication" name="login" time="13.727"/>
  <system-out/>
</testsuite> <!-- testCases.LoginApplication -->
